#
# There is insufficient memory for the Java Runtime Environment to continue.
# Native memory allocation (mmap) failed to map 268435456 bytes for G1 virtual space
# Possible reasons:
#   The system is out of physical RAM or swap space
#   The process is running with CompressedOops enabled, and the Java Heap may be blocking the growth of the native heap
# Possible solutions:
#   Reduce memory load on the system
#   Increase physical memory or swap space
#   Check if swap backing store is full
#   Decrease Java heap size (-Xmx/-Xms)
#   Decrease number of Java threads
#   Decrease Java thread stack sizes (-Xss)
#   Set larger code cache with -XX:ReservedCodeCacheSize=
#   JVM is running with Zero Based Compressed Oops mode in which the Java heap is
#     placed in the first 32GB address space. The Java Heap base address is the
#     maximum limit for the native heap growth. Please use -XX:HeapBaseMinAddress
#     to set the Java Heap base and to place the Java Heap above 32GB virtual address.
# This output file may be truncated or incomplete.
#
#  Out of Memory Error (./open/src/hotspot/os/windows/os_windows.cpp:3472), pid=21456, tid=17460
#
# JRE version:  (15.0+36) (build )
# Java VM: Java HotSpot(TM) 64-Bit Server VM (15+36-1562, mixed mode, sharing, tiered, compressed oops, g1 gc, windows-amd64)
# No core dump will be written. Minidumps are not enabled by default on client versions of Windows
#

---------------  S U M M A R Y ------------

Command Line: -Dfile.encoding=Cp1250 -XX:+ShowCodeDetailsInExceptionMessages monke.Main

Host: AMD Ryzen 5 3500X 6-Core Processor             , 6 cores, 15G,  Windows 10 , 64 bit Build 19041 (10.0.19041.928)
Time: Sun Apr 18 18:05:06 2021 Közép-európai nyári idõ  elapsed time: 0.008616 seconds (0d 0h 0m 0s)

---------------  T H R E A D  ---------------

Current thread (0x000001eb5c80f240):  JavaThread "Unknown thread" [_thread_in_vm, id=17460, stack(0x000000275b000000,0x000000275b100000)]

Stack: [0x000000275b000000,0x000000275b100000]
Native frames: (J=compiled Java code, j=interpreted, Vv=VM code, C=native code)
V  [jvm.dll+0x629eaa]
V  [jvm.dll+0x780379]
V  [jvm.dll+0x781ad3]
V  [jvm.dll+0x782133]
V  [jvm.dll+0x2159d5]
V  [jvm.dll+0x627299]
V  [jvm.dll+0x61bdd5]
V  [jvm.dll+0x2cf96d]
V  [jvm.dll+0x2cf7d2]
V  [jvm.dll+0x2d57ac]
V  [jvm.dll+0x32523a]
V  [jvm.dll+0x324904]
V  [jvm.dll+0x2a68ea]
V  [jvm.dll+0x2a7a88]
V  [jvm.dll+0x75d0f1]
V  [jvm.dll+0x333af4]
V  [jvm.dll+0x73d816]
V  [jvm.dll+0x3b68e7]
V  [jvm.dll+0x3b8371]
C  [jli.dll+0x52fb]
C  [ucrtbase.dll+0x21bb2]
C  [KERNEL32.DLL+0x17034]
C  [ntdll.dll+0x52651]


---------------  P R O C E S S  ---------------

Threads class SMR info:
_java_thread_list=0x00007ffb7c752fa0, length=0, elements={
}

Java Threads: ( => current thread )

Other Threads:
  0x000001eb5c85e4f0 GCTaskThread "GC Thread#0" [stack: 0x000000275b100000,0x000000275b200000] [id=20832]
  0x000001eb5c870620 ConcurrentGCThread "G1 Main Marker" [stack: 0x000000275b200000,0x000000275b300000] [id=18044]
  0x000001eb5c8711a0 ConcurrentGCThread "G1 Conc#0" [stack: 0x000000275b300000,0x000000275b400000] [id=1432]

[error occurred during error reporting (printing all threads), id 0xc0000005, EXCEPTION_ACCESS_VIOLATION (0xc0000005) at pc=0x00007ffb7bf477b7]

VM state: not at safepoint (not fully initialized)

VM Mutex/Monitor currently owned by a thread:  ([mutex/lock_event])
[0x000001eb5c80b200] Heap_lock - owner thread: 0x000001eb5c80f240

Heap address: 0x0000000700c00000, size: 4084 MB, Compressed Oops mode: Zero based, Oop shift amount: 3
CDS archive(s) mapped at: [0x0000000000000000-0x0000000000000000-0x0000000000000000), size 0, SharedBaseAddress: 0x0000000800000000, ArchiveRelocationMode: 0.
Narrow klass base: 0x0000000000000000, Narrow klass shift: 0, Narrow klass range: 0x0

Heap:
 garbage-first heap   total 262144K, used 0K [0x0000000700c00000, 0x0000000800000000)
  region size 2048K, 0 young (0K), 0 survivors (0K)
 Metaspace       used 0K, capacity 0K, committed 0K, reserved 0K
  class space    used 0K, capacity 0K, committed 0K, reserved 0K

Heap Regions: E=young(eden), S=young(survivor), O=old, HS=humongous(starts), HC=humongous(continues), CS=collection set, F=free, OA=open archive, CA=closed archive, TAMS=top-at-mark-start (previous, next)

Card table byte_map: [0x000001eb762a0000,0x000001eb76aa0000] _byte_map_base: 0x000001eb72a9a000

Marking Bits (Prev, Next): (CMBitMap*) 0x000001eb5c85fc80, (CMBitMap*) 0x000001eb5c85fcc0
 Prev Bits: [0x000001eb772a0000, 0x000001eb7b270000)
 Next Bits: [0x000001eb7b270000, 0x000001eb7f240000)

GC Heap History (0 events):
No events

Deoptimization events (0 events):
No events

Classes unloaded (0 events):
No events

Classes redefined (0 events):
No events

Internal exceptions (0 events):
No events

Events (1 events):
Event: 0.005 Loaded shared library C:\Program Files\Java\jdk-15\bin\java.dll


Dynamic libraries:
0x00007ff658020000 - 0x00007ff65802f000 	C:\Program Files\Java\jdk-15\bin\javaw.exe
0x00007ffbd2bd0000 - 0x00007ffbd2dc5000 	C:\WINDOWS\SYSTEM32\ntdll.dll
0x00007ffbd0f60000 - 0x00007ffbd101d000 	C:\WINDOWS\System32\KERNEL32.DLL
0x00007ffbd0690000 - 0x00007ffbd0958000 	C:\WINDOWS\System32\KERNELBASE.dll
0x00007ffbd0480000 - 0x00007ffbd0580000 	C:\WINDOWS\System32\ucrtbase.dll
0x00007ffbb66d0000 - 0x00007ffbb66e8000 	C:\Program Files\Java\jdk-15\bin\jli.dll
0x00007ffbd2880000 - 0x00007ffbd292c000 	C:\WINDOWS\System32\ADVAPI32.dll
0x00007ffbd0ec0000 - 0x00007ffbd0f5e000 	C:\WINDOWS\System32\msvcrt.dll
0x00007ffbd0e20000 - 0x00007ffbd0ebb000 	C:\WINDOWS\System32\sechost.dll
0x00007ffbd1d40000 - 0x00007ffbd1e6b000 	C:\WINDOWS\System32\RPCRT4.dll
0x00007ffbd26e0000 - 0x00007ffbd2880000 	C:\WINDOWS\System32\USER32.dll
0x00007ffbd0580000 - 0x00007ffbd05a2000 	C:\WINDOWS\System32\win32u.dll
0x00007ffbd1e70000 - 0x00007ffbd1e9a000 	C:\WINDOWS\System32\GDI32.dll
0x00007ffbd0ac0000 - 0x00007ffbd0bcb000 	C:\WINDOWS\System32\gdi32full.dll
0x00007ffbd0360000 - 0x00007ffbd03fd000 	C:\WINDOWS\System32\msvcp_win.dll
0x00007ffbcbf90000 - 0x00007ffbcbfa9000 	C:\Program Files\Java\jdk-15\bin\VCRUNTIME140.dll
0x00007ffbbaa70000 - 0x00007ffbbad0a000 	C:\WINDOWS\WinSxS\amd64_microsoft.windows.common-controls_6595b64144ccf1df_6.0.19041.844_none_ca00b6081b84eb1d\COMCTL32.dll
0x00007ffbca2a0000 - 0x00007ffbca2aa000 	C:\WINDOWS\SYSTEM32\VERSION.dll
0x00007ffbd0df0000 - 0x00007ffbd0e20000 	C:\WINDOWS\System32\IMM32.DLL
0x00007ffbbb670000 - 0x00007ffbbb67c000 	C:\Program Files\Java\jdk-15\bin\vcruntime140_1.dll
0x00007ffb72250000 - 0x00007ffb722e1000 	C:\Program Files\Java\jdk-15\bin\msvcp140.dll
0x00007ffb7bc90000 - 0x00007ffb7c7ec000 	C:\Program Files\Java\jdk-15\bin\server\jvm.dll
0x00007ffbd2930000 - 0x00007ffbd2938000 	C:\WINDOWS\System32\PSAPI.DLL
0x00007ffbcc0c0000 - 0x00007ffbcc0c9000 	C:\WINDOWS\SYSTEM32\WSOCK32.dll
0x00007ffbd29c0000 - 0x00007ffbd2a2b000 	C:\WINDOWS\System32\WS2_32.dll
0x00007ffbc0610000 - 0x00007ffbc0637000 	C:\WINDOWS\SYSTEM32\WINMM.dll
0x00007ffbce270000 - 0x00007ffbce282000 	C:\WINDOWS\SYSTEM32\kernel.appcore.dll
0x00007ffbcbf80000 - 0x00007ffbcbf8a000 	C:\Program Files\Java\jdk-15\bin\jimage.dll
0x00007ffbba710000 - 0x00007ffbba8f4000 	C:\WINDOWS\SYSTEM32\DBGHELP.DLL
0x00007ffbba6e0000 - 0x00007ffbba70c000 	C:\WINDOWS\SYSTEM32\dbgcore.DLL
0x00007ffbd0400000 - 0x00007ffbd0480000 	C:\WINDOWS\System32\bcryptPrimitives.dll
0x00007ffbb6560000 - 0x00007ffbb6585000 	C:\Program Files\Java\jdk-15\bin\java.dll

dbghelp: loaded successfully - version: 4.0.5 - missing functions: none
symbol engine: initialized successfully - sym options: 0x614 - pdb path: .;C:\Program Files\Java\jdk-15\bin;C:\WINDOWS\SYSTEM32;C:\WINDOWS\WinSxS\amd64_microsoft.windows.common-controls_6595b64144ccf1df_6.0.19041.844_none_ca00b6081b84eb1d;C:\Program Files\Java\jdk-15\bin\server

VM Arguments:
jvm_args: -Dfile.encoding=Cp1250 -XX:+ShowCodeDetailsInExceptionMessages 
java_command: monke.Main
java_class_path (initial): C:\Users\vszab\git\monke\bin
Launcher Type: SUN_STANDARD

[Global flags]
     intx CICompilerCount                          = 3                                         {product} {ergonomic}
     uint ConcGCThreads                            = 2                                         {product} {ergonomic}
     uint G1ConcRefinementThreads                  = 6                                         {product} {ergonomic}
   size_t G1HeapRegionSize                         = 2097152                                   {product} {ergonomic}
    uintx GCDrainStackTargetSize                   = 64                                        {product} {ergonomic}
   size_t InitialHeapSize                          = 268435456                                 {product} {ergonomic}
   size_t MarkStackSize                            = 4194304                                   {product} {ergonomic}
   size_t MaxHeapSize                              = 4282384384                                {product} {ergonomic}
   size_t MinHeapDeltaBytes                        = 2097152                                   {product} {ergonomic}
   size_t MinHeapSize                              = 8388608                                   {product} {ergonomic}
    uintx NonNMethodCodeHeapSize                   = 5832780                                {pd product} {ergonomic}
    uintx NonProfiledCodeHeapSize                  = 122912730                              {pd product} {ergonomic}
    uintx ProfiledCodeHeapSize                     = 122912730                              {pd product} {ergonomic}
    uintx ReservedCodeCacheSize                    = 251658240                              {pd product} {ergonomic}
     bool SegmentedCodeCache                       = true                                      {product} {ergonomic}
     bool ShowCodeDetailsInExceptionMessages       = true                                   {manageable} {command line}
   size_t SoftMaxHeapSize                          = 4282384384                             {manageable} {ergonomic}
     bool UseCompressedClassPointers               = true                                 {lp64_product} {ergonomic}
     bool UseCompressedOops                        = true                                 {lp64_product} {ergonomic}
     bool UseG1GC                                  = true                                      {product} {ergonomic}
     bool UseLargePagesIndividualAllocation        = false                                  {pd product} {ergonomic}

Logging:
Log output configuration:
 #0: stdout all=warning uptime,level,tags
 #1: stderr all=off uptime,level,tags

Environment Variables:
PATH=C:/Program Files/Java/jdk-15/bin/server;C:/Program Files/Java/jdk-15/bin;C:\ProgramData\Oracle\Java\javapath;C:\Program Files (x86)\Common Files\Oracle\Java\javapath;C:\Program Files\Common Files\Oracle\Java\javapath;C:\WINDOWS\system32;C:\WINDOWS;C:\WINDOWS\System32\Wbem;C:\WINDOWS\System32\WindowsPowerShell\v1.0\;C:\WINDOWS\System32\OpenSSH\;C:\Program Files (x86)\NVIDIA Corporation\PhysX\Common;C:\Program Files\NVIDIA Corporation\NVIDIA NvDLISR;C:\Program Files\dotnet\;C:\Program Files\Git\cmd;C:\Program Files\PuTTY\;C:\Users\vszab\AppData\Local\Microsoft\WindowsApps;C:\Users\vszab\.dotnet\tools;C:\Users\vszab\Desktop;
USERNAME=vszab
OS=Windows_NT
PROCESSOR_IDENTIFIER=AMD64 Family 23 Model 113 Stepping 0, AuthenticAMD



---------------  S Y S T E M  ---------------

OS:
 Windows 10 , 64 bit Build 19041 (10.0.19041.928)
OS uptime: 0 days 8:13 hours

CPU: total 6 (initial active 6) (6 cores per cpu, 1 threads per core) family 23 model 113 stepping 0, cmov, cx8, fxsr, mmx, sse, sse2, sse3, ssse3, sse4.1, sse4.2, popcnt, vzeroupper, avx, avx2, aes, clmul, 3dnowpref, lzcnt, sse4a, tsc, tscinvbit, tscinv, bmi1, bmi2, adx, sha, fma, clflush, clflushopt

Memory: 4k page, system-wide physical 16333M (8396M free)
TotalPageFile size 45935M (AvailPageFile size 101M)
current process WorkingSet (physical memory assigned to process): 10M, peak: 10M
current process commit charge ("private bytes"): 56M, peak: 312M

vm_info: Java HotSpot(TM) 64-Bit Server VM (15+36-1562) for windows-amd64 JRE (15+36-1562), built on Aug 11 2020 22:38:02 by "mach5one" with unknown MS VC++:1925

END.
