#
# There is insufficient memory for the Java Runtime Environment to continue.
# Native memory allocation (mmap) failed to map 268435456 bytes for Failed to commit area from 0x0000000700e00000 to 0x0000000710e00000 of length 268435456.
# Possible reasons:
#   The system is out of physical RAM or swap space
#   The process is running with CompressedOops enabled, and the Java Heap may be blocking the growth of the native heap
# Possible solutions:
#   Reduce memory load on the system
#   Increase physical memory or swap space
#   Check if swap backing store is full
#   Decrease Java heap size (-Xmx/-Xms)
#   Decrease number of Java threads
#   Decrease Java thread stack sizes (-Xss)
#   Set larger code cache with -XX:ReservedCodeCacheSize=
#   JVM is running with Zero Based Compressed Oops mode in which the Java heap is
#     placed in the first 32GB address space. The Java Heap base address is the
#     maximum limit for the native heap growth. Please use -XX:HeapBaseMinAddress
#     to set the Java Heap base and to place the Java Heap above 32GB virtual address.
# This output file may be truncated or incomplete.
#
#  Out of Memory Error (./open/src/hotspot/os/windows/os_windows.cpp:3315), pid=20456, tid=19796
#
# JRE version:  (14.0.2+12) (build )
# Java VM: Java HotSpot(TM) 64-Bit Server VM (14.0.2+12-46, mixed mode, sharing, tiered, compressed oops, g1 gc, windows-amd64)
# No core dump will be written. Minidumps are not enabled by default on client versions of Windows
#

---------------  S U M M A R Y ------------

Command Line: -Dfile.encoding=Cp1250 -XX:+ShowCodeDetailsInExceptionMessages monke.Main

Host: Intel(R) Core(TM) i5-8400 CPU @ 2.80GHz, 6 cores, 15G,  Windows 10 , 64 bit Build 18362 (10.0.18362.1500)
Time: Sat Apr 17 19:41:50 2021 Közép-európai nyári ido  elapsed time: 0 seconds (0d 0h 0m 0s)

---------------  T H R E A D  ---------------

Current thread (0x0000025a5c714000):  JavaThread "Unknown thread" [_thread_in_vm, id=19796, stack(0x000000bc89d00000,0x000000bc89e00000)]

Stack: [0x000000bc89d00000,0x000000bc89e00000]
Native frames: (J=compiled Java code, j=interpreted, Vv=VM code, C=native code)
V  [jvm.dll+0x5f8a9a]
V  [jvm.dll+0x74247a]
V  [jvm.dll+0x743c2f]
V  [jvm.dll+0x744273]
V  [jvm.dll+0x20d288]
V  [jvm.dll+0x5f5dea]
V  [jvm.dll+0x5eac45]
V  [jvm.dll+0x2c7e9c]
V  [jvm.dll+0x2c7cd2]
V  [jvm.dll+0x2cdbbc]
V  [jvm.dll+0x313fe8]
V  [jvm.dll+0x313710]
V  [jvm.dll+0x2a092a]
V  [jvm.dll+0x2a1a79]
V  [jvm.dll+0x71fd48]
V  [jvm.dll+0x321c14]
V  [jvm.dll+0x70112c]
V  [jvm.dll+0x392def]
V  [jvm.dll+0x394e61]
C  [jli.dll+0x524b]
C  [ucrtbase.dll+0x210b2]
C  [KERNEL32.DLL+0x17c24]
C  [ntdll.dll+0x6d721]


---------------  P R O C E S S  ---------------

Threads class SMR info:
_java_thread_list=0x00007ff93c343038, length=0, elements={
}

Java Threads: ( => current thread )

Other Threads:
  0x0000025a5c77d000 GCTaskThread "GC Thread#0" [stack: 0x000000bc89e00000,0x000000bc89f00000] [id=11692]
  0x0000025a5c79e800 ConcurrentGCThread "G1 Main Marker" [stack: 0x000000bc89f00000,0x000000bc8a000000] [id=17916]
  0x0000025a5c7a0000 ConcurrentGCThread "G1 Conc#0" [stack: 0x000000bc8a000000,0x000000bc8a100000] [id=20364]

[error occurred during error reporting (printing all threads), id 0xc0000005, EXCEPTION_ACCESS_VIOLATION (0xc0000005) at pc=0x00007ff93bb71257]

VM state:not at safepoint (not fully initialized)

VM Mutex/Monitor currently owned by a thread:  ([mutex/lock_event])
[0x0000025a5c70ec80] Heap_lock - owner thread: 0x0000025a5c714000

Heap address: 0x0000000700e00000, size: 4082 MB, Compressed Oops mode: Zero based, Oop shift amount: 3
Narrow klass base: 0x0000000000000000, Narrow klass shift: 0

GC Heap History (0 events):
No events

Deoptimization events (0 events):
No events

Classes unloaded (0 events):
No events

Classes redefined (0 events):
No events

Internal exceptions (0 events):
No events

Events (2 events):
Event: 0.007 Loaded shared library C:\Program Files\Java\jdk-14.0.2\bin\java.dll
Event: 0.008 Loaded shared library C:\Program Files\Java\jdk-14.0.2\bin\zip.dll


Dynamic libraries:
0x00007ff6a48a0000 - 0x00007ff6a48af000 	C:\Program Files\Java\jdk-14.0.2\bin\javaw.exe
0x00007ff9a7700000 - 0x00007ff9a78f0000 	C:\Windows\SYSTEM32\ntdll.dll
0x00007ff984250000 - 0x00007ff984263000 	C:\Program Files\Avast Software\Avast\aswhook.dll
0x00007ff9a70b0000 - 0x00007ff9a7162000 	C:\Windows\System32\KERNEL32.DLL
0x00007ff9a47a0000 - 0x00007ff9a4a45000 	C:\Windows\System32\KERNELBASE.dll
0x00007ff9a4670000 - 0x00007ff9a476a000 	C:\Windows\System32\ucrtbase.dll
0x00007ff997ca0000 - 0x00007ff997cb5000 	C:\Program Files\Java\jdk-14.0.2\bin\VCRUNTIME140.dll
0x00007ff99ce50000 - 0x00007ff99ce68000 	C:\Program Files\Java\jdk-14.0.2\bin\jli.dll
0x00007ff9a7610000 - 0x00007ff9a76b3000 	C:\Windows\System32\ADVAPI32.dll
0x00007ff9a5b10000 - 0x00007ff9a5bae000 	C:\Windows\System32\msvcrt.dll
0x00007ff9a7010000 - 0x00007ff9a70a7000 	C:\Windows\System32\sechost.dll
0x00007ff9a62b0000 - 0x00007ff9a63cf000 	C:\Windows\System32\RPCRT4.dll
0x00007ff9a7170000 - 0x00007ff9a7304000 	C:\Windows\System32\USER32.dll
0x00007ff98b690000 - 0x00007ff98b914000 	C:\Windows\WinSxS\amd64_microsoft.windows.common-controls_6595b64144ccf1df_6.0.18362.1500_none_9e79be6de462295c\COMCTL32.dll
0x00007ff9a4770000 - 0x00007ff9a4791000 	C:\Windows\System32\win32u.dll
0x00007ff9a63d0000 - 0x00007ff9a6706000 	C:\Windows\System32\combase.dll
0x00007ff9a7430000 - 0x00007ff9a7456000 	C:\Windows\System32\GDI32.dll
0x00007ff9a4bf0000 - 0x00007ff9a4d88000 	C:\Windows\System32\gdi32full.dll
0x00007ff9a4ef0000 - 0x00007ff9a4f71000 	C:\Windows\System32\bcryptPrimitives.dll
0x00007ff9a4a80000 - 0x00007ff9a4b1e000 	C:\Windows\System32\msvcp_win.dll
0x00007ff99e9e0000 - 0x00007ff99e9ea000 	C:\Windows\SYSTEM32\VERSION.dll
0x00007ff9a59f0000 - 0x00007ff9a5a1e000 	C:\Windows\System32\IMM32.DLL
0x00007ff9910e0000 - 0x00007ff99117b000 	C:\Program Files\Java\jdk-14.0.2\bin\msvcp140.dll
0x00007ff93b8c0000 - 0x00007ff93c3de000 	C:\Program Files\Java\jdk-14.0.2\bin\server\jvm.dll
0x00007ff9a5bb0000 - 0x00007ff9a5bb8000 	C:\Windows\System32\PSAPI.DLL
0x00007ff99a840000 - 0x00007ff99a849000 	C:\Windows\SYSTEM32\WSOCK32.dll
0x00007ff9990e0000 - 0x00007ff999104000 	C:\Windows\SYSTEM32\WINMM.dll
0x00007ff9a6710000 - 0x00007ff9a677f000 	C:\Windows\System32\WS2_32.dll
0x00007ff9990b0000 - 0x00007ff9990dd000 	C:\Windows\SYSTEM32\WINMMBASE.dll
0x00007ff9a5700000 - 0x00007ff9a574a000 	C:\Windows\System32\cfgmgr32.dll
0x00007ff9a45c0000 - 0x00007ff9a45d1000 	C:\Windows\System32\kernel.appcore.dll
0x00007ff9a1120000 - 0x00007ff9a112a000 	C:\Program Files\Java\jdk-14.0.2\bin\jimage.dll
0x00007ff99d960000 - 0x00007ff99db54000 	C:\Windows\SYSTEM32\DBGHELP.DLL
0x00007ff99d660000 - 0x00007ff99d68a000 	C:\Windows\SYSTEM32\dbgcore.DLL
0x00007ff99fbb0000 - 0x00007ff99fbd5000 	C:\Program Files\Java\jdk-14.0.2\bin\java.dll
0x00007ff9a03f0000 - 0x00007ff9a0406000 	C:\Program Files\Java\jdk-14.0.2\bin\zip.dll

dbghelp: loaded successfully - version: 4.0.5 - missing functions: none
symbol engine: initialized successfully - sym options: 0x614 - pdb path: .;C:\Program Files\Java\jdk-14.0.2\bin;C:\Windows\SYSTEM32;C:\Program Files\Avast Software\Avast;C:\Windows\WinSxS\amd64_microsoft.windows.common-controls_6595b64144ccf1df_6.0.18362.1500_none_9e79be6de462295c;C:\Program Files\Java\jdk-14.0.2\bin\server

VM Arguments:
jvm_args: -Dfile.encoding=Cp1250 -XX:+ShowCodeDetailsInExceptionMessages 
java_command: monke.Main
java_class_path (initial): D:\Ádám\Eclipsemunkáim\monke\bin
Launcher Type: SUN_STANDARD

[Global flags]
     intx CICompilerCount                          = 3                                         {product} {ergonomic}
     uint ConcGCThreads                            = 2                                         {product} {ergonomic}
     uint G1ConcRefinementThreads                  = 6                                         {product} {ergonomic}
   size_t G1HeapRegionSize                         = 1048576                                   {product} {ergonomic}
    uintx GCDrainStackTargetSize                   = 64                                        {product} {ergonomic}
   size_t InitialHeapSize                          = 268435456                                 {product} {ergonomic}
   size_t MarkStackSize                            = 4194304                                   {product} {ergonomic}
   size_t MaxHeapSize                              = 4280287232                                {product} {ergonomic}
   size_t MinHeapDeltaBytes                        = 1048576                                   {product} {ergonomic}
   size_t MinHeapSize                              = 8388608                                   {product} {ergonomic}
    uintx NonNMethodCodeHeapSize                   = 5832780                                {pd product} {ergonomic}
    uintx NonProfiledCodeHeapSize                  = 122912730                              {pd product} {ergonomic}
    uintx ProfiledCodeHeapSize                     = 122912730                              {pd product} {ergonomic}
    uintx ReservedCodeCacheSize                    = 251658240                              {pd product} {ergonomic}
     bool SegmentedCodeCache                       = true                                      {product} {ergonomic}
     bool ShowCodeDetailsInExceptionMessages       = true                                   {manageable} {command line}
   size_t SoftMaxHeapSize                          = 4280287232                             {manageable} {ergonomic}
     bool UseCompressedClassPointers               = true                                 {lp64_product} {ergonomic}
     bool UseCompressedOops                        = true                                 {lp64_product} {ergonomic}
     bool UseG1GC                                  = true                                      {product} {ergonomic}
     bool UseLargePagesIndividualAllocation        = false                                  {pd product} {ergonomic}

Logging:
Log output configuration:
 #0: stdout all=warning uptime,level,tags
 #1: stderr all=off uptime,level,tags

Environment Variables:
JAVA_HOME=C:\Program Files\Java\jdk-14.0.2
PATH=C:/Program Files/Java/jdk-14.0.2/bin/server;C:/Program Files/Java/jdk-14.0.2/bin;D:\Ádám\VMware\bin\;C:\Program Files (x86)\NVIDIA Corporation\PhysX\Common;C:\Windows\system32;C:\Windows;C:\Windows\System32\Wbem;C:\Windows\System32\WindowsPowerShell\v1.0\;C:\Windows\System32\OpenSSH\;C:\Program Files\Common Files\Autodesk Shared\;C:\Program Files\Microsoft SQL Server\120\Tools\Binn\;C:\Program Files\MATLAB\R2020b\bin;C:\Program Files\dotnet\;D:\Ádám\Git\cmd;C:\texlive\2020\bin\win32;C:\Program Files\Java\jdk-14.0.2\bin;D:\Ádám\texlive\2020\bin\win32;C:\Users\KomPhone\.dotnet\tools;C:\Windows\System32;
USERNAME=KomPhone
OS=Windows_NT
PROCESSOR_IDENTIFIER=Intel64 Family 6 Model 158 Stepping 10, GenuineIntel



---------------  S Y S T E M  ---------------

OS: Windows 10 , 64 bit Build 18362 (10.0.18362.1500)
OS uptime: 2 days 7:51 hours

CPU:total 6 (initial active 6) (6 cores per cpu, 1 threads per core) family 6 model 158 stepping 10, cmov, cx8, fxsr, mmx, sse, sse2, sse3, ssse3, sse4.1, sse4.2, popcnt, avx, avx2, aes, clmul, erms, 3dnowpref, lzcnt, tsc, tscinvbit, bmi1, bmi2, adx, fma

Memory: 4k page, system-wide physical 16326M (8573M free)
TotalPageFile size 20400M (AvailPageFile size 192M)
current process WorkingSet (physical memory assigned to process): 10M, peak: 10M
current process commit charge ("private bytes"): 57M, peak: 313M

vm_info: Java HotSpot(TM) 64-Bit Server VM (14.0.2+12-46) for windows-amd64 JRE (14.0.2+12-46), built on Jul  9 2020 00:35:52 by "mach5one" with MS VC++ 15.9 (VS2017)

END.
